timestamp: 2015-10-05T17:17:12.874307
CREATE TABLE auth_user(
    id INTEGER PRIMARY KEY AUTOINCREMENT,
    first_name CHAR(128),
    last_name CHAR(128),
    email CHAR(512),
    password CHAR(512),
    registration_key CHAR(512),
    reset_password_key CHAR(512),
    registration_id CHAR(512)
);
success!
timestamp: 2015-10-05T17:17:12.926731
CREATE TABLE auth_group(
    id INTEGER PRIMARY KEY AUTOINCREMENT,
    role CHAR(512),
    description TEXT
);
success!
timestamp: 2015-10-05T17:17:12.930831
CREATE TABLE auth_membership(
    id INTEGER PRIMARY KEY AUTOINCREMENT,
    user_id INTEGER REFERENCES auth_user (id) ON DELETE CASCADE  ,
    group_id INTEGER REFERENCES auth_group (id) ON DELETE CASCADE  
);
success!
timestamp: 2015-10-05T17:17:12.935255
CREATE TABLE auth_permission(
    id INTEGER PRIMARY KEY AUTOINCREMENT,
    group_id INTEGER REFERENCES auth_group (id) ON DELETE CASCADE  ,
    name CHAR(512),
    table_name CHAR(512),
    record_id INTEGER
);
success!
timestamp: 2015-10-05T17:17:12.939965
CREATE TABLE auth_event(
    id INTEGER PRIMARY KEY AUTOINCREMENT,
    time_stamp TIMESTAMP,
    client_ip CHAR(512),
    user_id INTEGER REFERENCES auth_user (id) ON DELETE CASCADE  ,
    origin CHAR(512),
    description TEXT
);
success!
timestamp: 2015-10-05T17:17:12.945224
CREATE TABLE auth_cas(
    id INTEGER PRIMARY KEY AUTOINCREMENT,
    user_id INTEGER REFERENCES auth_user (id) ON DELETE CASCADE  ,
    created_on TIMESTAMP,
    service CHAR(512),
    ticket CHAR(512),
    renew CHAR(1)
);
success!
timestamp: 2015-10-24T17:28:04.971145
CREATE TABLE stores(
    id INTEGER PRIMARY KEY AUTOINCREMENT,
    store_name CHAR(512)
);
success!
timestamp: 2015-10-26T02:00:29.744478
CREATE TABLE boards(
    id INTEGER PRIMARY KEY AUTOINCREMENT,
    name CHAR(512),
    description TEXT
);
success!
timestamp: 2015-10-26T02:00:29.864565
CREATE TABLE posts(
    id INTEGER PRIMARY KEY AUTOINCREMENT,
    name CHAR(512),
    phone CHAR(512),
    description TEXT,
    post_time TIMESTAMP,
    post_id INTEGER REFERENCES boards (id) ON DELETE CASCADE  
);
success!
timestamp: 2015-10-26T02:19:23.636898
CREATE TABLE store(
    id INTEGER PRIMARY KEY AUTOINCREMENT,
    name CHAR(512),
    phone CHAR(512),
    created_on TIMESTAMP,
    star_rating DOUBLE,
    description TEXT
);
success!
timestamp: 2015-10-26T02:19:23.664480
CREATE TABLE ingredient(
    id INTEGER PRIMARY KEY AUTOINCREMENT,
    name CHAR(512),
    description TEXT,
    favorite_store INTEGER REFERENCES store (id) ON DELETE CASCADE  
);
success!
timestamp: 2015-10-26T14:39:31.536066
CREATE TABLE people(
    id INTEGER PRIMARY KEY AUTOINCREMENT,
    user_id INTEGER REFERENCES auth_user (id) ON DELETE CASCADE  ,
    name CHAR(512),
    description TEXT
);
success!
timestamp: 2015-10-26T14:39:31.564065
CREATE TABLE messages(
    id INTEGER PRIMARY KEY AUTOINCREMENT,
    user0 INTEGER REFERENCES auth_user (id) ON DELETE CASCADE  ,
    user1 INTEGER REFERENCES auth_user (id) ON DELETE CASCADE  ,
    sender INTEGER REFERENCES auth_user (id) ON DELETE CASCADE  ,
    msg_time TIMESTAMP,
    msg_id TEXT
);
success!
timestamp: 2015-10-26T14:39:31.570217
CREATE TABLE textblob(
    id INTEGER PRIMARY KEY AUTOINCREMENT,
    mytext TEXT
);
success!
timestamp: 2015-10-26T16:30:12.735885
CREATE TABLE board(
    id INTEGER PRIMARY KEY AUTOINCREMENT,
    name CHAR(512),
    description TEXT
);
success!
timestamp: 2015-10-26T16:30:12.849394
CREATE TABLE post(
    id INTEGER PRIMARY KEY AUTOINCREMENT,
    name INTEGER REFERENCES auth_user (id) ON DELETE CASCADE  ,
    description TEXT,
    phone CHAR(512),
    post_time TIMESTAMP,
    post_id TEXT,
    fav_post INTEGER REFERENCES board (id) ON DELETE CASCADE  
);
success!
timestamp: 2015-10-26T17:54:11.617753
ALTER TABLE post ADD post INTEGER REFERENCES board (id) ON DELETE CASCADE  ;
success!
success!
success!
timestamp: 2015-10-26T18:01:31.734946
ALTER TABLE store ADD street_no INTEGER;
success!
success!
timestamp: 2015-10-26T18:01:31.805355
CREATE TABLE canbuy(
    id INTEGER PRIMARY KEY AUTOINCREMENT,
    user_id INTEGER REFERENCES auth_user (id) ON DELETE CASCADE  ,
    store INTEGER REFERENCES store (id) ON DELETE CASCADE  ,
    ingredient INTEGER REFERENCES ingredient (id) ON DELETE CASCADE  ,
    is_favorite CHAR(1)
);
success!
timestamp: 2015-10-26T18:01:31.878253
CREATE TABLE recipe(
    id INTEGER PRIMARY KEY AUTOINCREMENT,
    name CHAR(512),
    time_required DOUBLE,
    description TEXT,
    recipe_cost DOUBLE
);
success!
success!
success!
success!
success!
success!
success!
success!
success!
success!
success!
success!
success!
success!
success!
success!
success!
success!
success!
success!
success!
success!
timestamp: 2015-10-26T18:47:38.179735
ALTER TABLE post ADD board INTEGER REFERENCES board (id) ON DELETE CASCADE  ;
success!
success!
success!
success!
success!
success!
success!
success!
success!
success!
success!
success!
success!
success!
success!
success!
success!
success!
success!
success!
success!
success!
success!
success!
success!
success!
success!
success!
success!
success!
success!
success!
success!
success!
success!
success!
success!
success!
success!
success!
success!
success!
success!
success!
success!
success!
success!
success!
success!
success!
success!
success!
success!
success!
success!
success!
success!
success!
success!
success!
success!
success!
success!
success!
success!
success!
success!
success!
success!
success!
success!
success!
success!
success!
success!
success!
success!
success!
success!
success!
success!
success!
success!
success!
success!
success!
success!
success!
success!
success!
success!
success!
success!
success!
success!
success!
success!
success!
success!
success!
success!
success!
success!
success!
success!
success!
success!
success!
success!
success!
success!
success!
success!
success!
success!
success!
success!
success!
success!
success!
success!
success!
success!
success!
success!
success!
success!
success!
success!
success!
success!
success!
success!
success!
success!
success!
success!
success!
success!
success!
success!
success!
success!
success!
success!
success!
success!
success!
success!
success!
success!
success!
success!
success!
success!
success!
success!
success!
success!
success!
success!
success!
success!
success!
success!
success!
success!
success!
success!
success!
success!
success!
success!
success!
success!
success!
success!
success!
success!
success!
success!
success!
success!
success!
success!
success!
success!
success!
success!
success!
success!
success!
success!
success!
success!
success!
success!
success!
success!
success!
success!
success!
success!
success!
success!
success!
success!
success!
success!
success!
success!
success!
success!
success!
success!
success!
success!
success!
success!
success!
success!
success!
success!
success!
success!
success!
success!
success!
success!
success!
success!
success!
success!
success!
success!
success!
success!
success!
success!
success!
success!
success!
success!
success!
success!
success!
success!
success!
success!
success!
success!
success!
success!
success!
success!
success!
success!
success!
success!
success!
success!
success!
success!
success!
success!
success!
success!
success!
success!
success!
success!
success!
success!
success!
success!
success!
success!
success!
success!
success!
success!
success!
success!
success!
success!
success!
success!
success!
success!
success!
success!
success!
success!
success!
success!
success!
success!
success!
success!
success!
success!
success!
success!
success!
success!
success!
success!
success!
success!
success!
success!
success!
success!
success!
success!
success!
success!
success!
success!
success!
success!
success!
success!
success!
success!
success!
success!
success!
success!
success!
success!
success!
success!
success!
success!
success!
success!
success!
success!
success!
success!
success!
success!
success!
success!
success!
success!
success!
success!
success!
success!
success!
success!
success!
success!
success!
success!
success!
success!
success!
success!
success!
success!
success!
success!
success!
success!
success!
success!
success!
success!
success!
success!
success!
success!
success!
success!
success!
success!
success!
success!
success!
success!
success!
success!
success!
success!
success!
success!
success!
success!
success!
success!
success!
success!
success!
success!
success!
success!
success!
success!
success!
success!
success!
success!
success!
success!
success!
success!
success!
success!
success!
success!
success!
success!
success!
success!
success!
success!
success!
success!
success!
success!
success!
success!
success!
success!
success!
success!
success!
success!
success!
success!
success!
success!
success!
success!
success!
success!
success!
success!
success!
success!
success!
success!
success!
success!
success!
success!
success!
success!
success!
success!
success!
success!
success!
success!
success!
success!
success!
success!
success!
success!
success!
success!
success!
success!
success!
success!
success!
success!
success!
success!
success!
success!
success!
success!
success!
success!
success!
success!
success!
success!
success!
success!
success!
success!
success!
success!
success!
success!
success!
success!
success!
success!
success!
success!
success!
success!
success!
success!
success!
success!
success!
success!
success!
success!
success!
success!
success!
success!
success!
success!
success!
success!
success!
success!
success!
success!
success!
success!
success!
success!
success!
success!
success!
success!
success!
success!
success!
success!
success!
success!
success!
success!
success!
success!
success!
success!
success!
success!
success!
success!
success!
success!
success!
success!
success!
success!
success!
success!
success!
success!
success!
success!
success!
success!
success!
success!
success!
success!
success!
success!
success!
success!
success!
success!
success!
success!
success!
success!
success!
success!
success!
success!
success!
success!
success!
success!
success!
success!
success!
success!
success!
success!
success!
success!
success!
success!
success!
success!
success!
success!
success!
success!
success!
success!
success!
success!
success!
success!
success!
success!
success!
success!
success!
success!
success!
success!
success!
success!
success!
success!
success!
success!
success!
success!
success!
success!
success!
success!
success!
success!
success!
success!
success!
success!
success!
success!
success!
success!
success!
success!
success!
success!
success!
success!
success!
success!
success!
success!
success!
success!
success!
success!
success!
success!
success!
success!
success!
success!
success!
success!
success!
success!
success!
success!
success!
success!
success!
success!
success!
success!
success!
success!
success!
success!
success!
success!
success!
success!
success!
success!
success!
success!
success!
success!
success!
success!
success!
success!
success!
success!
success!
success!
success!
success!
success!
success!
success!
success!
success!
success!
success!
success!
success!
success!
success!
success!
success!
success!
success!
success!
success!
success!
success!
success!
success!
success!
success!
success!
success!
success!
success!
success!
success!
success!
success!
success!
success!
success!
success!
success!
success!
success!
success!
success!
success!
success!
success!
success!
success!
success!
success!
success!
success!
success!
success!
success!
success!
success!
success!
success!
success!
success!
success!
success!
success!
success!
success!
success!
success!
success!
success!
success!
success!
success!
success!
success!
success!
success!
success!
success!
success!
success!
success!
success!
success!
success!
success!
success!
success!
success!
success!
success!
success!
success!
success!
success!
success!
success!
success!
success!
success!
success!
success!
success!
success!
success!
success!
success!
success!
success!
success!
success!
success!
success!
success!
success!
success!
success!
success!
success!
success!
success!
success!
success!
success!
success!
success!
success!
success!
success!
success!
success!
success!
success!
success!
success!
success!
success!
success!
success!
success!
success!
success!
success!
success!
success!
success!
success!
success!
success!
success!
success!
success!
success!
success!
success!
success!
success!
success!
success!
success!
success!
success!
success!
success!
success!
success!
success!
success!
success!
success!
success!
success!
success!
success!
success!
success!
success!
success!
success!
success!
success!
success!
success!
success!
success!
success!
success!
success!
success!
success!
success!
success!
success!
success!
success!
success!
success!
success!
success!
success!
timestamp: 2015-10-28T19:57:40.763837
CREATE TABLE bboard(
    id INTEGER PRIMARY KEY AUTOINCREMENT,
    name CHAR(512),
    user_id INTEGER REFERENCES auth_user (id) ON DELETE CASCADE  ,
    phone CHAR(512),
    email CHAR(512),
    category CHAR(512),
    date_posted TIMESTAMP,
    title CHAR(512),
    bbmessage TEXT
);
success!
success!
success!
success!
success!
success!
success!
success!
success!
success!
success!
success!
success!
success!
success!
success!
success!
success!
success!
success!
success!
success!
success!
success!
success!
success!
timestamp: 2015-10-28T22:00:09.891076
ALTER TABLE post ADD user_id INTEGER REFERENCES auth_user (id) ON DELETE CASCADE  ;
success!
success!
success!
success!
success!
success!
success!
success!
success!
success!
success!
success!
success!
success!
success!
success!
success!
success!
success!
success!
success!
success!
success!
success!
success!
success!
success!
success!
success!
success!
success!
success!
timestamp: 2015-10-28T22:12:59.949108
ALTER TABLE post ADD board_id INTEGER REFERENCES board (id) ON DELETE CASCADE  ;
success!
success!
success!
success!
success!
success!
success!
success!
success!
success!
success!
success!
success!
success!
success!
success!
success!
success!
success!
success!
success!
success!
success!
success!
success!
success!
success!
success!
success!
timestamp: 2015-10-28T23:14:25.521630
ALTER TABLE posts ADD board_id INTEGER REFERENCES board (id) ON DELETE CASCADE  ;
timestamp: 2015-10-28T23:20:23.164891
ALTER TABLE posts ADD board_id INTEGER REFERENCES board (id) ON DELETE CASCADE  ;
timestamp: 2015-10-28T23:20:23.988202
ALTER TABLE posts ADD board_id INTEGER REFERENCES board (id) ON DELETE CASCADE  ;
timestamp: 2015-10-28T23:20:32.666086
ALTER TABLE posts ADD board_id INTEGER REFERENCES board (id) ON DELETE CASCADE  ;
timestamp: 2015-10-28T23:20:40.766021
ALTER TABLE posts ADD board_id INTEGER REFERENCES board (id) ON DELETE CASCADE  ;
success!
success!
success!
success!
success!
success!
timestamp: 2015-10-28T23:33:56.734574
CREATE TABLE pst(
    id INTEGER PRIMARY KEY AUTOINCREMENT,
    name CHAR(512),
    description TEXT,
    user_id INTEGER REFERENCES auth_user (id) ON DELETE CASCADE  ,
    post_time TIMESTAMP,
    board_id INTEGER REFERENCES board (id) ON DELETE CASCADE  
);
success!
timestamp: 2015-10-29T00:07:41.312430
CREATE TABLE brd(
    id INTEGER PRIMARY KEY AUTOINCREMENT,
    name CHAR(512),
    description TEXT
);
success!
success!
timestamp: 2015-10-29T21:00:35.939000
CREATE TABLE p_post(
    id INTEGER PRIMARY KEY AUTOINCREMENT,
    name CHAR(512),
    description TEXT,
    user_id INTEGER REFERENCES auth_user (id) ON DELETE CASCADE  ,
    post_time TIMESTAMP,
    board_id INTEGER REFERENCES brd (id) ON DELETE CASCADE  
);
success!
timestamp: 2015-10-29T21:04:03.189000
CREATE TABLE b_board(
    id INTEGER PRIMARY KEY AUTOINCREMENT,
    name CHAR(512),
    description TEXT
);
success!
success!
